[34m?[39m [1m2-factor auth code?[22m[23G[24G[2K[G[34m?[39m [1m2-factor auth code?[22m 0[24G[25G[2K[G[34m?[39m [1m2-factor auth code?[22m 08[25G[26G[2K[G[34m?[39m [1m2-factor auth code?[22m 080[26G[27G[2K[G[34m?[39m [1m2-factor auth code?[22m 0808[27G[28G[2K[G[34m?[39m [1m2-factor auth code?[22m 08085[28G[29G[2K[G[34m?[39m [1m2-factor auth code?[22m 080854[29G[23G[2K[G[34m?[39m [1m2-factor auth code?[22m 080854[29G[2K[G[32m✔[39m [1m2-factor auth code?[22m [36m080854[39m[29G
[?25h{
  "info": {
    "clippingLimit": 10,
    "contentChecksum": null,
    "contentType": "EBOK",
    "contentVersion": "efd5ccc2",
    "deliveredAsin": "B005KMDWW6",
    "downloadRestrictionReason": null,
    "expirationDate": null,
    "format": "YJ",
    "formatVersion": "CR!6GPP003CQN7GDCEJ478K1Y3D4XRS",
    "fragmentMapUrl": null,
    "hasAnnotations": false,
    "isOwned": true,
    "isSample": false,
    "kindleSessionId": "149ad50d-1da2-442b-8574-70427b9d7c6e",
    "lastPageReadData": {
      "deviceName": "Michael's Kindle Cloud Reader",
      "position": 816762,
      "syncTime": 1758500557000
    },
    "manifestUrl": null,
    "originType": "Purchase",
    "pageNumberUrl": null,
    "requestedAsin": "B005KMDWW6",
    "srl": 12138,
    "verticalLayout": false
  },
  "meta": {
    "ACR": "CR!6GPP003CQN7GDCEJ478K1Y3D4XRS",
    "asin": "B005KMDWW6",
    "authorList": [
      "Hays, Richard B."
    ],
    "bookSize": "721264",
    "bookType": "mobi7",
    "cover": "images/cover.jpg",
    "language": "en",
    "positions": {
      "cover": -1,
      "srl": -1,
      "toc": 8954
    },
    "publisher": "Presbyterian Publishing Corporation",
    "refEmId": "CR!6WP379XDP55Y780F2A9NF3MS8KD8:EFD5CCC2",
    "releaseDate": "26/08/2011",
    "sample": false,
    "title": "First Corinthians (Interpretation: A Bible Commentary for Teaching and Preaching)",
    "version": "efd5ccc2",
    "startPosition": 3,
    "endPosition": 817659
  },
  "toc": [
    {
      "title": "Cover",
      "location": 1,
      "total": 6415
    },
    {
      "title": "Halftitle",
      "page": 1,
      "total": 449
    },
    {
      "title": "Interpretation",
      "page": 2,
      "total": 449
    },
    {
      "title": "Title",
      "page": 5,
      "total": 449
    },
    {
      "title": "Copyright",
      "page": 7,
      "total": 449
    },
    {
      "title": "Series Preface",
      "page": 8,
      "total": 449
    },
    {
      "title": "Dedication",
      "page": 11,
      "total": 449
    },
    {
      "title": "Acknowledgments",
      "page": 12,
      "total": 449
    },
    {
      "title": "CONTENTS",
      "page": 14,
      "total": 449
    },
    {
      "title": "INTRODUCTION",
      "page": 20,
      "total": 449
    },
    {
      "title": "OUTLINE OF THE LETTER",
      "page": 35,
      "total": 449
    },
    {
      "title": "OPENING THE LETTER: A COMMUNITY CALLED BY GOD 1 CORINTHIANS 1:1–9",
      "page": 39,
      "total": 449
    },
    {
      "title": "1:1–3 Salutation",
      "page": 39,
      "total": 449
    },
    {
      "title": "1:4–9 Thanksgiving",
      "page": 41,
      "total": 449
    },
    {
      "title": "Reflections for Teachers and Preachers",
      "page": 44,
      "total": 449
    },
    {
      "title": "A CALL FOR UNITY IN THE COMMUNITY 1 CORINTHIANS 1:10—4:21",
      "page": 49,
      "total": 449
    },
    {
      "title": "1:10–17 Factions in the Community",
      "page": 49,
      "total": 449
    },
    {
      "title": "Reflections for Teachers and Preachers",
      "page": 54,
      "total": 449
    },
    {
      "title": "1:18—2:5 The Foolishness of the Cross Excludes Boasting",
      "page": 54,
      "total": 449
    },
    {
      "title": "God’s Foolishness and Human Wisdom (1:18–25)",
      "page": 56,
      "total": 449
    },
    {
      "title": "God’s Calling Excludes Human Boasting (1:26–31)",
      "page": 62,
      "total": 449
    },
    {
      "title": "Preaching the Cross (2:1–5)",
      "page": 67,
      "total": 449
    },
    {
      "title": "Reflections for Teachers and Preachers",
      "page": 70,
      "total": 449
    },
    {
      "title": "2:6—3:4 Wisdom for the Mature",
      "page": 75,
      "total": 449
    },
    {
      "title": "God Reveals the Hidden Wisdom of the Cross through the Spirit (2:6–16)",
      "page": 78,
      "total": 449
    },
    {
      "title": "People of the Flesh (3:1–4)",
      "page": 86,
      "total": 449
    },
    {
      "title": "Reflections for Teachers and Preachers",
      "page": 89,
      "total": 449
    },
    {
      "title": "3:5–23 The Community and Its Leaders Belong to God",
      "page": 91,
      "total": 449
    },
    {
      "title": "Paul and Apollos as God’s Field Hands (3:5–9)",
      "page": 91,
      "total": 449
    },
    {
      "title": "Our Construction Work Will Be Tested by Fire (3:10–15)",
      "page": 94,
      "total": 449
    },
    {
      "title": "The Church as God’s Temple (3:16–17)",
      "page": 99,
      "total": 449
    },
    {
      "title": "Reprise and Summary: All Belongs to God (3:18–23)",
      "page": 102,
      "total": 449
    },
    {
      "title": "Reflections for Teachers and Preachers",
      "page": 107,
      "total": 449
    },
    {
      "title": "4:1–21 Direct Confrontation with Corinthian Boasters",
      "page": 110,
      "total": 449
    },
    {
      "title": "Servants Are to Be Judged Only by Their Lord (4:1–5)",
      "page": 110,
      "total": 449
    },
    {
      "title": "Puffed-Up Corinthians and Suffering Apostle (4:6–13)",
      "page": 115,
      "total": 449
    },
    {
      "title": "Fatherly Admonition to Paul’s Corinthian Children (4:14–17)",
      "page": 124,
      "total": 449
    },
    {
      "title": "A Final Warning to the Boasters (4:18–21)",
      "page": 126,
      "total": 449
    },
    {
      "title": "Reflections for Teachers and Preachers",
      "page": 126,
      "total": 449
    },
    {
      "title": "A CALL FOR COMMUNITY DISCIPLINE 1 CORINTHIANS 5:1—6:20",
      "page": 134,
      "total": 449
    },
    {
      "title": "5:1–13 “Drive Out the Wicked Person from among You”",
      "page": 134,
      "total": 449
    },
    {
      "title": "Reflections for Teachers and Preachers",
      "page": 144,
      "total": 449
    },
    {
      "title": "6:1–11 Legal Disputes Should Be Handled within the Community",
      "page": 150,
      "total": 449
    },
    {
      "title": "Reflections for Teachers and Preachers",
      "page": 158,
      "total": 449
    },
    {
      "title": "6:12–20 “Glorify God in Your Body”",
      "page": 163,
      "total": 449
    },
    {
      "title": "Reflections for Teachers and Preachers",
      "page": 171,
      "total": 449
    },
    {
      "title": "RESPONSES TO CONTESTED ISSUES IN CORINTH 1 CORINTHIANS 7:1—15:58",
      "page": 178,
      "total": 449
    },
    {
      "title": "7:1–40 Sex and Marriage at the Turn of the Ages",
      "page": 180,
      "total": 449
    },
    {
      "title": "Counsel for Corinthians in Various Marital Statuses",
      "page": 182,
      "total": 449
    },
    {
      "title": "General Rule: Remain as You Were When Called (7:17–24)",
      "page": 195,
      "total": 449
    },
    {
      "title": "Counsel for Engaged Couples: Remain as You Are (7:25–38)",
      "page": 201,
      "total": 449
    },
    {
      "title": "Reprise: Counsel for Wives and Widows (7:39–40)",
      "page": 203,
      "total": 449
    },
    {
      "title": "Reflections for Teachers and Preachers",
      "page": 206,
      "total": 449
    },
    {
      "title": "8:1—11:1c Idol Meat",
      "page": 212,
      "total": 449
    },
    {
      "title": "Knowledge Puffs Up, but Love Builds Up (8:1–13)",
      "page": 214,
      "total": 449
    },
    {
      "title": "Reflections for Teachers and Preachers",
      "page": 222,
      "total": 449
    },
    {
      "title": "The Apostolic Example of Renouncing Rights (9:1–27)",
      "page": 228,
      "total": 449
    },
    {
      "title": "Reflections for Teachers and Preachers",
      "page": 241,
      "total": 449
    },
    {
      "title": "Warning against Idolatry (10:1–22)",
      "page": 247,
      "total": 449
    },
    {
      "title": "Reflections for Teachers and Preachers",
      "page": 263,
      "total": 449
    },
    {
      "title": "Conclusion: Use Your Freedom for the Glory of God (10:23—11:1)",
      "page": 269,
      "total": 449
    },
    {
      "title": "Reflections for Teachers and Preachers",
      "page": 277,
      "total": 449
    },
    {
      "title": "11:2—14:40 Community Worship",
      "page": 279,
      "total": 449
    },
    {
      "title": "Hairstyles and Gender Distinctions (11:2–16)",
      "page": 279,
      "total": 449
    },
    {
      "title": "Reflections for Teachers and Preachers",
      "page": 290,
      "total": 449
    },
    {
      "title": "The Lord’s Supper: Discerning the Body (11:17–34)",
      "page": 295,
      "total": 449
    },
    {
      "title": "Reflections for Teachers and Preachers",
      "page": 309,
      "total": 449
    },
    {
      "title": "Spiritual Manifestations in Worship (12:1—14:40)",
      "page": 314,
      "total": 449
    },
    {
      "title": "Excursus: “Women should be silent in the churches” (14:34–35)",
      "page": 372,
      "total": 449
    },
    {
      "title": "Reflections for Teachers and Preachers",
      "page": 377,
      "total": 449
    },
    {
      "title": "15:1–58 The Resurrection of the Body",
      "page": 380,
      "total": 449
    },
    {
      "title": "The Resurrection of the Dead Is Constitutive of the Gospel (15:1–34)",
      "page": 385,
      "total": 449
    },
    {
      "title": "Resurrection Means Transformation of the Body (15:35–58)",
      "page": 406,
      "total": 449
    },
    {
      "title": "Reflections for Teachers and Preachers",
      "page": 416,
      "total": 449
    },
    {
      "title": "CONCLUDING MATTERS: A COMMUNITY CALLED TO LOVE 1 CORINTHIANS 16:1–24",
      "page": 426,
      "total": 449
    },
    {
      "title": "16:1–12 The Collection and Travel Plans",
      "page": 426,
      "total": 449
    },
    {
      "title": "16:13–24 Farewell",
      "page": 431,
      "total": 449
    },
    {
      "title": "Reflections for Teachers and Preachers",
      "page": 439,
      "total": 449
    },
    {
      "title": "BIBLIOGRAPHY",
      "page": 446,
      "total": 449
    }
  ],
  "pages": [
    {
      "index": 0,
      "page": 1,
      "total": 449,
      "screenshot": "out/B005KMDWW6/pages/000-001.png"
    },
    {
      "index": 1,
      "page": 2,
      "total": 449,
      "screenshot": "out/B005KMDWW6/pages/001-002.png"
    },
    {
      "index": 2,
      "page": 3,
      "total": 449,
      "screenshot": "out/B005KMDWW6/pages/002-003.png"
    },
    {
      "index": 3,
      "page": 5,
      "total": 449,
      "screenshot": "out/B005KMDWW6/pages/003-005.png"
    },
    {
      "index": 4,
      "page": 7,
      "total": 449,
      "screenshot": "out/B005KMDWW6/pages/004-007.png"
    },
    {
      "index": 5,
      "page": 8,
      "total": 449,
      "screenshot": "out/B005KMDWW6/pages/005-008.png"
    },
    {
      "index": 6,
      "page": 11,
      "total": 449,
      "screenshot": "out/B005KMDWW6/pages/006-011.png"
    },
    {
      "index": 7,
      "page": 12,
      "total": 449,
      "screenshot": "out/B005KMDWW6/pages/007-012.png"
    },
    {
      "index": 8,
      "page": 14,
      "total": 449,
      "screenshot": "out/B005KMDWW6/pages/008-014.png"
    },
    {
      "index": 9,
      "page": 15,
      "total": 449,
      "screenshot": "out/B005KMDWW6/pages/009-015.png"
    },
    {
      "index": 10,
      "page": 17,
      "total": 449,
      "screenshot": "out/B005KMDWW6/pages/010-017.png"
    },
    {
      "index": 11,
      "page": 20,
      "total": 449,
      "screenshot": "out/B005KMDWW6/pages/011-020.png"
    },
    {
      "index": 12,
      "page": 22,
      "total": 449,
      "screenshot": "out/B005KMDWW6/pages/012-022.png"
    },
    {
      "index": 13,
      "page": 24,
      "total": 449,
      "screenshot": "out/B005KMDWW6/pages/013-024.png"
    },
    {
      "index": 14,
      "page": 27,
      "total": 449,
      "screenshot": "out/B005KMDWW6/pages/014-027.png"
    },
    {
      "index": 15,
      "page": 30,
      "total": 449,
      "screenshot": "out/B005KMDWW6/pages/015-030.png"
    },
    {
      "index": 16,
      "page": 33,
      "total": 449,
      "screenshot": "out/B005KMDWW6/pages/016-033.png"
    },
    {
      "index": 17,
      "page": 35,
      "total": 449,
      "screenshot": "out/B005KMDWW6/pages/017-035.png"
    },
    {
      "index": 18,
      "page": 38,
      "total": 449,
      "screenshot": "out/B005KMDWW6/pages/018-038.png"
    },
    {
      "index": 19,
      "page": 39,
      "total": 449,
      "screenshot": "out/B005KMDWW6/pages/019-039.png"
    },
    {
      "index": 20,
      "page": 41,
      "total": 449,
      "screenshot": "out/B005KMDWW6/pages/020-041.png"
    },
    {
      "index": 21,
      "page": 44,
      "total": 449,
      "screenshot": "out/B005KMDWW6/pages/021-044.png"
    },
    {
      "index": 22,
      "page": 46,
      "total": 449,
      "screenshot": "out/B005KMDWW6/pages/022-046.png"
    },
    {
      "index": 23,
      "page": 49,
      "total": 449,
      "screenshot": "out/B005KMDWW6/pages/023-049.png"
    },
    {
      "index": 24,
      "page": 51,
      "total": 449,
      "screenshot": "out/B005KMDWW6/pages/024-051.png"
    },
    {
      "index": 25,
      "page": 54,
      "total": 449,
      "screenshot": "out/B005KMDWW6/pages/025-054.png"
    },
    {
      "index": 26,
      "page": 56,
      "total": 449,
      "screenshot": "out/B005KMDWW6/pages/026-056.png"
    },
    {
      "index": 27,
      "page": 59,
      "total": 449,
      "screenshot": "out/B005KMDWW6/pages/027-059.png"
    },
    {
      "index": 28,
      "page": 62,
      "total": 449,
      "screenshot": "out/B005KMDWW6/pages/028-062.png"
    },
    {
      "index": 29,
      "page": 64,
      "total": 449,
      "screenshot": "out/B005KMDWW6/pages/029-064.png"
    },
    {
      "index": 30,
      "page": 67,
      "total": 449,
      "screenshot": "out/B005KMDWW6/pages/030-067.png"
    },
    {
      "index": 31,
      "page": 70,
      "total": 449,
      "screenshot": "out/B005KMDWW6/pages/031-070.png"
    },
    {
      "index": 32,
      "page": 72,
      "total": 449,
      "screenshot": "out/B005KMDWW6/pages/032-072.png"
    },
    {
      "index": 33,
      "page": 75,
      "total": 449,
      "screenshot": "out/B005KMDWW6/pages/033-075.png"
    },
    {
      "index": 34,
      "page": 78,
      "total": 449,
      "screenshot": "out/B005KMDWW6/pages/034-078.png"
    },
    {
      "index": 35,
      "page": 80,
      "total": 449,
      "screenshot": "out/B005KMDWW6/pages/035-080.png"
    },
    {
      "index": 36,
      "page": 83,
      "total": 449,
      "screenshot": "out/B005KMDWW6/pages/036-083.png"
    },
    {
      "index": 37,
      "page": 86,
      "total": 449,
      "screenshot": "out/B005KMDWW6/pages/037-086.png"
    },
    {
      "index": 38,
      "page": 89,
      "total": 449,
      "screenshot": "out/B005KMDWW6/pages/038-089.png"
    },
    {
      "index": 39,
      "page": 91,
      "total": 449,
      "screenshot": "out/B005KMDWW6/pages/039-091.png"
    },
    {
      "index": 40,
      "page": 94,
      "total": 449,
      "screenshot": "out/B005KMDWW6/pages/040-094.png"
    },
    {
      "index": 41,
      "page": 97,
      "total": 449,
      "screenshot": "out/B005KMDWW6/pages/041-097.png"
    },
    {
      "index": 42,
      "page": 99,
      "total": 449,
      "screenshot": "out/B005KMDWW6/pages/042-099.png"
    },
    {
      "index": 43,
      "page": 102,
      "total": 449,
      "screenshot": "out/B005KMDWW6/pages/043-102.png"
    },
    {
      "index": 44,
      "page": 105,
      "total": 449,
      "screenshot": "out/B005KMDWW6/pages/044-105.png"
    },
    {
      "index": 45,
      "page": 107,
      "total": 449,
      "screenshot": "out/B005KMDWW6/pages/045-107.png"
    },
    {
      "index": 46,
      "page": 110,
      "total": 449,
      "screenshot": "out/B005KMDWW6/pages/046-110.png"
    },
    {
      "index": 47,
      "page": 112,
      "total": 449,
      "screenshot": "out/B005KMDWW6/pages/047-112.png"
    },
    {
      "index": 48,
      "page": 115,
      "total": 449,
      "screenshot": "out/B005KMDWW6/pages/048-115.png"
    },
    {
      "index": 49,
      "page": 118,
      "total": 449,
      "screenshot": "out/B005KMDWW6/pages/049-118.png"
    },
    {
      "index": 50,
      "page": 121,
      "total": 449,
      "screenshot": "out/B005KMDWW6/pages/050-121.png"
    },
    {
      "index": 51,
      "page": 124,
      "total": 449,
      "screenshot": "out/B005KMDWW6/pages/051-124.png"
    },
    {
      "index": 52,
      "page": 126,
      "total": 449,
      "screenshot": "out/B005KMDWW6/pages/052-126.png"
    },
    {
      "index": 53,
      "page": 129,
      "total": 449,
      "screenshot": "out/B005KMDWW6/pages/053-129.png"
    },
    {
      "index": 54,
      "page": 132,
      "total": 449,
      "screenshot": "out/B005KMDWW6/pages/054-132.png"
    },
    {
      "index": 55,
      "page": 134,
      "total": 449,
      "screenshot": "out/B005KMDWW6/pages/055-134.png"
    },
    {
      "index": 56,
      "page": 136,
      "total": 449,
      "screenshot": "out/B005KMDWW6/pages/056-136.png"
    },
    {
      "index": 57,
      "page": 139,
      "total": 449,
      "screenshot": "out/B005KMDWW6/pages/057-139.png"
    },
    {
      "index": 58,
      "page": 141,
      "total": 449,
      "screenshot": "out/B005KMDWW6/pages/058-141.png"
    },
    {
      "index": 59,
      "page": 144,
      "total": 449,
      "screenshot": "out/B005KMDWW6/pages/059-144.png"
    },
    {
      "index": 60,
      "page": 147,
      "total": 449,
      "screenshot": "out/B005KMDWW6/pages/060-147.png"
    },
    {
      "index": 61,
      "page": 150,
      "total": 449,
      "screenshot": "out/B005KMDWW6/pages/061-150.png"
    },
    {
      "index": 62,
      "page": 152,
      "total": 449,
      "screenshot": "out/B005KMDWW6/pages/062-152.png"
    },
    {
      "index": 63,
      "page": 155,
      "total": 449,
      "screenshot": "out/B005KMDWW6/pages/063-155.png"
    },
    {
      "index": 64,
      "page": 158,
      "total": 449,
      "screenshot": "out/B005KMDWW6/pages/064-158.png"
    },
    {
      "index": 65,
      "page": 161,
      "total": 449,
      "screenshot": "out/B005KMDWW6/pages/065-161.png"
    },
    {
      "index": 66,
      "page": 163,
      "total": 449,
      "screenshot": "out/B005KMDWW6/pages/066-163.png"
    },
    {
      "index": 67,
      "page": 166,
      "total": 449,
      "screenshot": "out/B005KMDWW6/pages/067-166.png"
    },
    {
      "index": 68,
      "page": 169,
      "total": 449,
      "screenshot": "out/B005KMDWW6/pages/068-169.png"
    },
    {
      "index": 69,
      "page": 171,
      "total": 449,
      "screenshot": "out/B005KMDWW6/pages/069-171.png"
    },
    {
      "index": 70,
      "page": 174,
      "total": 449,
      "screenshot": "out/B005KMDWW6/pages/070-174.png"
    },
    {
      "index": 71,
      "page": 178,
      "total": 449,
      "screenshot": "out/B005KMDWW6/pages/071-178.png"
    },
    {
      "index": 72,
      "page": 180,
      "total": 449,
      "screenshot": "out/B005KMDWW6/pages/072-180.png"
    },
    {
      "index": 73,
      "page": 182,
      "total": 449,
      "screenshot": "out/B005KMDWW6/pages/073-182.png"
    },
    {
      "index": 74,
      "page": 184,
      "total": 449,
      "screenshot": "out/B005KMDWW6/pages/074-184.png"
    },
    {
      "index": 75,
      "page": 187,
      "total": 449,
      "screenshot": "out/B005KMDWW6/pages/075-187.png"
    },
    {
      "index": 76,
      "page": 190,
      "total": 449,
      "screenshot": "out/B005KMDWW6/pages/076-190.png"
    },
    {
      "index": 77,
      "page": 193,
      "total": 449,
      "screenshot": "out/B005KMDWW6/pages/077-193.png"
    },
    {
      "index": 78,
      "page": 195,
      "total": 449,
      "screenshot": "out/B005KMDWW6/pages/078-195.png"
    },
    {
      "index": 79,
      "page": 198,
      "total": 449,
      "screenshot": "out/B005KMDWW6/pages/079-198.png"
    },
    {
      "index": 80,
      "page": 201,
      "total": 449,
      "screenshot": "out/B005KMDWW6/pages/080-201.png"
    },
    {
      "index": 81,
      "page": 203,
      "total": 449,
      "screenshot": "out/B005KMDWW6/pages/081-203.png"
    },
    {
      "index": 82,
      "page": 206,
      "total": 449,
      "screenshot": "out/B005KMDWW6/pages/082-206.png"
    },
    {
      "index": 83,
      "page": 209,
      "total": 449,
      "screenshot": "out/B005KMDWW6/pages/083-209.png"
    },
    {
      "index": 84,
      "page": 212,
      "total": 449,
      "screenshot": "out/B005KMDWW6/pages/084-212.png"
    },
    {
      "index": 85,
      "page": 214,
      "total": 449,
      "screenshot": "out/B005KMDWW6/pages/085-214.png"
    },
    {
      "index": 86,
      "page": 217,
      "total": 449,
      "screenshot": "out/B005KMDWW6/pages/086-217.png"
    },
    {
      "index": 87,
      "page": 220,
      "total": 449,
      "screenshot": "out/B005KMDWW6/pages/087-220.png"
    },
    {
      "index": 88,
      "page": 222,
      "total": 449,
      "screenshot": "out/B005KMDWW6/pages/088-222.png"
    },
    {
      "index": 89,
      "page": 225,
      "total": 449,
      "screenshot": "out/B005KMDWW6/pages/089-225.png"
    },
    {
      "index": 90,
      "page": 228,
      "total": 449,
      "screenshot": "out/B005KMDWW6/pages/090-228.png"
    },
    {
      "index": 91,
      "page": 230,
      "total": 449,
      "screenshot": "out/B005KMDWW6/pages/091-230.png"
    },
    {
      "index": 92,
      "page": 233,
      "total": 449,
      "screenshot": "out/B005KMDWW6/pages/092-233.png"
    },
    {
      "index": 93,
      "page": 236,
      "total": 449,
      "screenshot": "out/B005KMDWW6/pages/093-236.png"
    },
    {
      "index": 94,
      "page": 239,
      "total": 449,
      "screenshot": "out/B005KMDWW6/pages/094-239.png"
    },
    {
      "index": 95,
      "page": 241,
      "total": 449,
      "screenshot": "out/B005KMDWW6/pages/095-241.png"
    },
    {
      "index": 96,
      "page": 244,
      "total": 449,
      "screenshot": "out/B005KMDWW6/pages/096-244.png"
    },
    {
      "index": 97,
      "page": 247,
      "total": 449,
      "screenshot": "out/B005KMDWW6/pages/097-247.png"
    },
    {
      "index": 98,
      "page": 250,
      "total": 449,
      "screenshot": "out/B005KMDWW6/pages/098-250.png"
    },
    {
      "index": 99,
      "page": 253,
      "total": 449,
      "screenshot": "out/B005KMDWW6/pages/099-253.png"
    },
    {
      "index": 100,
      "page": 256,
      "total": 449,
      "screenshot": "out/B005KMDWW6/pages/100-256.png"
    },
    {
      "index": 101,
      "page": 258,
      "total": 449,
      "screenshot": "out/B005KMDWW6/pages/101-258.png"
    },
    {
      "index": 102,
      "page": 261,
      "total": 449,
      "screenshot": "out/B005KMDWW6/pages/102-261.png"
    },
    {
      "index": 103,
      "page": 263,
      "total": 449,
      "screenshot": "out/B005KMDWW6/pages/103-263.png"
    },
    {
      "index": 104,
      "page": 266,
      "total": 449,
      "screenshot": "out/B005KMDWW6/pages/104-266.png"
    },
    {
      "index": 105,
      "page": 269,
      "total": 449,
      "screenshot": "out/B005KMDWW6/pages/105-269.png"
    },
    {
      "index": 106,
      "page": 271,
      "total": 449,
      "screenshot": "out/B005KMDWW6/pages/106-271.png"
    },
    {
      "index": 107,
      "page": 274,
      "total": 449,
      "screenshot": "out/B005KMDWW6/pages/107-274.png"
    },
    {
      "index": 108,
      "page": 277,
      "total": 449,
      "screenshot": "out/B005KMDWW6/pages/108-277.png"
    },
    {
      "index": 109,
      "page": 279,
      "total": 449,
      "screenshot": "out/B005KMDWW6/pages/109-279.png"
    },
    {
      "index": 110,
      "page": 282,
      "total": 449,
      "screenshot": "out/B005KMDWW6/pages/110-282.png"
    },
    {
      "index": 111,
      "page": 284,
      "total": 449,
      "screenshot": "out/B005KMDWW6/pages/111-284.png"
    },
    {
      "index": 112,
      "page": 287,
      "total": 449,
      "screenshot": "out/B005KMDWW6/pages/112-287.png"
    },
    {
      "index": 113,
      "page": 290,
      "total": 449,
      "screenshot": "out/B005KMDWW6/pages/113-290.png"
    },
    {
      "index": 114,
      "page": 293,
      "total": 449,
      "screenshot": "out/B005KMDWW6/pages/114-293.png"
    },
    {
      "index": 115,
      "page": 295,
      "total": 449,
      "screenshot": "out/B005KMDWW6/pages/115-295.png"
    },
    {
      "index": 116,
      "page": 298,
      "total": 449,
      "screenshot": "out/B005KMDWW6/pages/116-298.png"
    },
    {
      "index": 117,
      "page": 301,
      "total": 449,
      "screenshot": "out/B005KMDWW6/pages/117-301.png"
    },
    {
      "index": 118,
      "page": 303,
      "total": 449,
      "screenshot": "out/B005KMDWW6/pages/118-303.png"
    },
    {
      "index": 119,
      "page": 306,
      "total": 449,
      "screenshot": "out/B005KMDWW6/pages/119-306.png"
    },
    {
      "index": 120,
      "page": 309,
      "total": 449,
      "screenshot": "out/B005KMDWW6/pages/120-309.png"
    },
    {
      "index": 121,
      "page": 312,
      "total": 449,
      "screenshot": "out/B005KMDWW6/pages/121-312.png"
    },
    {
      "index": 122,
      "page": 314,
      "total": 449,
      "screenshot": "out/B005KMDWW6/pages/122-314.png"
    },
    {
      "index": 123,
      "page": 317,
      "total": 449,
      "screenshot": "out/B005KMDWW6/pages/123-317.png"
    },
    {
      "index": 124,
      "page": 320,
      "total": 449,
      "screenshot": "out/B005KMDWW6/pages/124-320.png"
    },
    {
      "index": 125,
      "page": 323,
      "total": 449,
      "screenshot": "out/B005KMDWW6/pages/125-323.png"
    },
    {
      "index": 126,
      "page": 325,
      "total": 449,
      "screenshot": "out/B005KMDWW6/pages/126-325.png"
    },
    {
      "index": 127,
      "page": 328,
      "total": 449,
      "screenshot": "out/B005KMDWW6/pages/127-328.png"
    },
    {
      "index": 128,
      "page": 331,
      "total": 449,
      "screenshot": "out/B005KMDWW6/pages/128-331.png"
    },
    {
      "index": 129,
      "page": 334,
      "total": 449,
      "screenshot": "out/B005KMDWW6/pages/129-334.png"
    },
    {
      "index": 130,
      "page": 337,
      "total": 449,
      "screenshot": "out/B005KMDWW6/pages/130-337.png"
    },
    {
      "index": 131,
      "page": 339,
      "total": 449,
      "screenshot": "out/B005KMDWW6/pages/131-339.png"
    },
    {
      "index": 132,
      "page": 342,
      "total": 449,
      "screenshot": "out/B005KMDWW6/pages/132-342.png"
    },
    {
      "index": 133,
      "page": 344,
      "total": 449,
      "screenshot": "out/B005KMDWW6/pages/133-344.png"
    },
    {
      "index": 134,
      "page": 347,
      "total": 449,
      "screenshot": "out/B005KMDWW6/pages/134-347.png"
    },
    {
      "index": 135,
      "page": 350,
      "total": 449,
      "screenshot": "out/B005KMDWW6/pages/135-350.png"
    },
    {
      "index": 136,
      "page": 353,
      "total": 449,
      "screenshot": "out/B005KMDWW6/pages/136-353.png"
    },
    {
      "index": 137,
      "page": 355,
      "total": 449,
      "screenshot": "out/B005KMDWW6/pages/137-355.png"
    },
    {
      "index": 138,
      "page": 358,
      "total": 449,
      "screenshot": "out/B005KMDWW6/pages/138-358.png"
    },
    {
      "index": 139,
      "page": 361,
      "total": 449,
      "screenshot": "out/B005KMDWW6/pages/139-361.png"
    },
    {
      "index": 140,
      "page": 364,
      "total": 449,
      "screenshot": "out/B005KMDWW6/pages/140-364.png"
    },
    {
      "index": 141,
      "page": 366,
      "total": 449,
      "screenshot": "out/B005KMDWW6/pages/141-366.png"
    },
    {
      "index": 142,
      "page": 369,
      "total": 449,
      "screenshot": "out/B005KMDWW6/pages/142-369.png"
    },
    {
      "index": 143,
      "page": 372,
      "total": 449,
      "screenshot": "out/B005KMDWW6/pages/143-372.png"
    },
    {
      "index": 144,
      "page": 375,
      "total": 449,
      "screenshot": "out/B005KMDWW6/pages/144-375.png"
    },
    {
      "index": 145,
      "page": 377,
      "total": 449,
      "screenshot": "out/B005KMDWW6/pages/145-377.png"
    },
    {
      "index": 146,
      "page": 380,
      "total": 449,
      "screenshot": "out/B005KMDWW6/pages/146-380.png"
    },
    {
      "index": 147,
      "page": 383,
      "total": 449,
      "screenshot": "out/B005KMDWW6/pages/147-383.png"
    },
    {
      "index": 148,
      "page": 385,
      "total": 449,
      "screenshot": "out/B005KMDWW6/pages/148-385.png"
    },
    {
      "index": 149,
      "page": 388,
      "total": 449,
      "screenshot": "out/B005KMDWW6/pages/149-388.png"
    },
    {
      "index": 150,
      "page": 390,
      "total": 449,
      "screenshot": "out/B005KMDWW6/pages/150-390.png"
    },
    {
      "index": 151,
      "page": 393,
      "total": 449,
      "screenshot": "out/B005KMDWW6/pages/151-393.png"
    },
    {
      "index": 152,
      "page": 395,
      "total": 449,
      "screenshot": "out/B005KMDWW6/pages/152-395.png"
    },
    {
      "index": 153,
      "page": 398,
      "total": 449,
      "screenshot": "out/B005KMDWW6/pages/153-398.png"
    },
    {
      "index": 154,
      "page": 401,
      "total": 449,
      "screenshot": "out/B005KMDWW6/pages/154-401.png"
    },
    {
      "index": 155,
      "page": 404,
      "total": 449,
      "screenshot": "out/B005KMDWW6/pages/155-404.png"
    },
    {
      "index": 156,
      "page": 406,
      "total": 449,
      "screenshot": "out/B005KMDWW6/pages/156-406.png"
    },
    {
      "index": 157,
      "page": 409,
      "total": 449,
      "screenshot": "out/B005KMDWW6/pages/157-409.png"
    },
    {
      "index": 158,
      "page": 412,
      "total": 449,
      "screenshot": "out/B005KMDWW6/pages/158-412.png"
    },
    {
      "index": 159,
      "page": 414,
      "total": 449,
      "screenshot": "out/B005KMDWW6/pages/159-414.png"
    },
    {
      "index": 160,
      "page": 416,
      "total": 449,
      "screenshot": "out/B005KMDWW6/pages/160-416.png"
    },
    {
      "index": 161,
      "page": 419,
      "total": 449,
      "screenshot": "out/B005KMDWW6/pages/161-419.png"
    },
    {
      "index": 162,
      "page": 422,
      "total": 449,
      "screenshot": "out/B005KMDWW6/pages/162-422.png"
    },
    {
      "index": 163,
      "page": 425,
      "total": 449,
      "screenshot": "out/B005KMDWW6/pages/163-425.png"
    },
    {
      "index": 164,
      "page": 426,
      "total": 449,
      "screenshot": "out/B005KMDWW6/pages/164-426.png"
    },
    {
      "index": 165,
      "page": 428,
      "total": 449,
      "screenshot": "out/B005KMDWW6/pages/165-428.png"
    },
    {
      "index": 166,
      "page": 431,
      "total": 449,
      "screenshot": "out/B005KMDWW6/pages/166-431.png"
    },
    {
      "index": 167,
      "page": 434,
      "total": 449,
      "screenshot": "out/B005KMDWW6/pages/167-434.png"
    },
    {
      "index": 168,
      "page": 436,
      "total": 449,
      "screenshot": "out/B005KMDWW6/pages/168-436.png"
    },
    {
      "index": 169,
      "page": 439,
      "total": 449,
      "screenshot": "out/B005KMDWW6/pages/169-439.png"
    },
    {
      "index": 170,
      "page": 441,
      "total": 449,
      "screenshot": "out/B005KMDWW6/pages/170-441.png"
    },
    {
      "index": 171,
      "page": 444,
      "total": 449,
      "screenshot": "out/B005KMDWW6/pages/171-444.png"
    },
    {
      "index": 172,
      "page": 446,
      "total": 449,
      "screenshot": "out/B005KMDWW6/pages/172-446.png"
    },
    {
      "index": 173,
      "page": 448,
      "total": 449,
      "screenshot": "out/B005KMDWW6/pages/173-448.png"
    },
    {
      "index": 174,
      "page": 449,
      "total": 449,
      "screenshot": "out/B005KMDWW6/pages/174-449.png"
    }
  ]
}
